[1103/134031.240:ERROR:directory_reader_win.cc(43)] FindFirstFile: The system cannot find the path specified. (0x3)
[1103/182725.347:ERROR:directory_reader_win.cc(43)] FindFirstFile: The system cannot find the path specified. (0x3)
[1103/194201.097:ERROR:process_memory_win.cc(73)] ReadMemory at 0x7ff7d5ac0000 of 64 bytes failed: Only part of a ReadProcessMemory or WriteProcessMemory request was completed. (0x12B)
[1103/194201.098:WARNING:pe_image_reader.cc(340)] could not read dos header from C:\Program Files (x86)\Google\Chrome\Application\chrome.exe
[1103/194201.098:ERROR:process_memory_win.cc(73)] ReadMemory at 0x7ffae92f0000 of 64 bytes failed: Only part of a ReadProcessMemory or WriteProcessMemory request was completed. (0x12B)
[1103/194201.099:WARNING:pe_image_reader.cc(340)] could not read dos header from C:\WINDOWS\SYSTEM32\ntdll.dll
[1103/194201.099:ERROR:process_memory_win.cc(73)] ReadMemory at 0x7ffae90b0000 of 64 bytes failed: Only part of a ReadProcessMemory or WriteProcessMemory request was completed. (0x12B)
[1103/194201.099:WARNING:pe_image_reader.cc(340)] could not read dos header from C:\WINDOWS\System32\KERNEL32.DLL
[1103/194201.099:ERROR:process_memory_win.cc(73)] ReadMemory at 0x7ffae6d70000 of 64 bytes failed: Only part of a ReadProcessMemory or WriteProcessMemory request was completed. (0x12B)
[1103/194201.099:WARNING:pe_image_reader.cc(340)] could not read dos header from C:\WINDOWS\System32\KERNELBASE.dll
[1103/194201.099:ERROR:process_memory_win.cc(73)] ReadMemory at 0x7ffac5070000 of 64 bytes failed: Only part of a ReadProcessMemory or WriteProcessMemory request was completed. (0x12B)
[1103/194201.099:WARNING:pe_image_reader.cc(340)] could not read dos header from C:\Program Files (x86)\Google\Chrome\Application\86.0.4240.111\chrome_elf.dll
[1103/194201.099:ERROR:process_memory_win.cc(73)] ReadMemory at 0x7ffada060000 of 64 bytes failed: Only part of a ReadProcessMemory or WriteProcessMemory request was completed. (0x12B)
[1103/194201.099:WARNING:pe_image_reader.cc(340)] could not read dos header from C:\WINDOWS\SYSTEM32\VERSION.dll
[1103/194201.099:ERROR:process_memory_win.cc(73)] ReadMemory at 0x7ffae7ec0000 of 64 bytes failed: Only part of a ReadProcessMemory or WriteProcessMemory request was completed. (0x12B)
[1103/194201.099:WARNING:pe_image_reader.cc(340)] could not read dos header from C:\WINDOWS\System32\msvcrt.dll
[1103/194201.099:ERROR:process_memory_win.cc(73)] ReadMemory at 0x7ffae8010000 of 64 bytes failed: Only part of a ReadProcessMemory or WriteProcessMemory request was completed. (0x12B)
[1103/194201.099:WARNING:pe_image_reader.cc(340)] could not read dos header from C:\WINDOWS\System32\ADVAPI32.dll
[1103/194201.099:ERROR:process_memory_win.cc(73)] ReadMemory at 0x7ffae8f70000 of 64 bytes failed: Only part of a ReadProcessMemory or WriteProcessMemory request was completed. (0x12B)
[1103/194201.099:WARNING:pe_image_reader.cc(340)] could not read dos header from C:\WINDOWS\System32\sechost.dll
[1103/194201.099:ERROR:process_memory_win.cc(73)] ReadMemory at 0x7ffae8130000 of 64 bytes failed: Only part of a ReadProcessMemory or WriteProcessMemory request was completed. (0x12B)
[1103/194201.099:WARNING:pe_image_reader.cc(340)] could not read dos header from C:\WINDOWS\System32\RPCRT4.dll
[1103/194201.099:ERROR:process_memory_win.cc(73)] ReadMemory at 0x7ffa5c6b0000 of 64 bytes failed: Only part of a ReadProcessMemory or WriteProcessMemory request was completed. (0x12B)
[1103/194201.099:WARNING:pe_image_reader.cc(340)] could not read dos header from C:\Program Files (x86)\Google\Chrome\Application\86.0.4240.111\chrome.dll
[1103/194201.099:ERROR:process_memory_win.cc(73)] ReadMemory at 0x7ffae9010000 of 64 bytes failed: Only part of a ReadProcessMemory or WriteProcessMemory request was completed. (0x12B)
[1103/194201.099:WARNING:pe_image_reader.cc(340)] could not read dos header from C:\WINDOWS\System32\WS2_32.dll
[1103/194201.099:ERROR:process_memory_win.cc(73)] ReadMemory at 0x7ffae8ae0000 of 64 bytes failed: Only part of a ReadProcessMemory or WriteProcessMemory request was completed. (0x12B)
[1103/194201.099:WARNING:pe_image_reader.cc(340)] could not read dos header from C:\WINDOWS\System32\OLEAUT32.dll
[1103/194201.099:ERROR:process_memory_win.cc(73)] ReadMemory at 0x7ffae6cd0000 of 64 bytes failed: Only part of a ReadProcessMemory or WriteProcessMemory request was completed. (0x12B)
[1103/194201.099:WARNING:pe_image_reader.cc(340)] could not read dos header from C:\WINDOWS\System32\msvcp_win.dll
[1103/194201.099:ERROR:process_memory_win.cc(73)] ReadMemory at 0x7ffae7250000 of 64 bytes failed: Only part of a ReadProcessMemory or WriteProcessMemory request was completed. (0x12B)
[1103/194201.099:WARNING:pe_image_reader.cc(340)] could not read dos header from C:\WINDOWS\System32\ucrtbase.dll
[1103/194201.100:ERROR:process_memory_win.cc(73)] ReadMemory at 0x7ffae8c10000 of 64 bytes failed: Only part of a ReadProcessMemory or WriteProcessMemory request was completed. (0x12B)
[1103/194201.100:WARNING:pe_image_reader.cc(340)] could not read dos header from C:\WINDOWS\System32\combase.dll
[1103/194201.100:ERROR:process_memory_win.cc(73)] ReadMemory at 0x7ffae6a30000 of 64 bytes failed: Only part of a ReadProcessMemory or WriteProcessMemory request was completed. (0x12B)
[1103/194201.100:WARNING:pe_image_reader.cc(340)] could not read dos header from C:\WINDOWS\System32\WINTRUST.dll
[1103/194201.100:ERROR:process_memory_win.cc(73)] ReadMemory at 0x7ffae70f0000 of 64 bytes failed: Only part of a ReadProcessMemory or WriteProcessMemory request was completed. (0x12B)
[1103/194201.100:WARNING:pe_image_reader.cc(340)] could not read dos header from C:\WINDOWS\System32\CRYPT32.dll
[1103/194201.100:ERROR:process_memory_win.cc(73)] ReadMemory at 0x7ffae1810000 of 64 bytes failed: Only part of a ReadProcessMemory or WriteProcessMemory request was completed. (0x12B)
[1103/194201.100:WARNING:pe_image_reader.cc(340)] could not read dos header from C:\WINDOWS\SYSTEM32\dbghelp.dll
[1103/194201.100:ERROR:process_memory_win.cc(73)] ReadMemory at 0x7ffae5ec0000 of 64 bytes failed: Only part of a ReadProcessMemory or WriteProcessMemory request was completed. (0x12B)
[1103/194201.100:WARNING:pe_image_reader.cc(340)] could not read dos header from C:\WINDOWS\SYSTEM32\IPHLPAPI.DLL
[1103/194201.100:ERROR:process_memory_win.cc(73)] ReadMemory at 0x7ffac5350000 of 64 bytes failed: Only part of a ReadProcessMemory or WriteProcessMemory request was completed. (0x12B)
[1103/194201.100:WARNING:pe_image_reader.cc(340)] could not read dos header from C:\WINDOWS\SYSTEM32\WINMM.dll
[1103/194201.100:ERROR:process_memory_win.cc(73)] ReadMemory at 0x7ffab12c0000 of 64 bytes failed: Only part of a ReadProcessMemory or WriteProcessMemory request was completed. (0x12B)
[1103/194201.100:WARNING:pe_image_reader.cc(340)] could not read dos header from C:\WINDOWS\SYSTEM32\UIAutomationCore.DLL
[1103/194201.100:ERROR:process_memory_win.cc(73)] ReadMemory at 0x7ffac7ed0000 of 64 bytes failed: Only part of a ReadProcessMemory or WriteProcessMemory request was completed. (0x12B)
[1103/194201.100:WARNING:pe_image_reader.cc(340)] could not read dos header from C:\WINDOWS\SYSTEM32\Secur32.dll
[1103/194201.100:ERROR:process_memory_win.cc(73)] ReadMemory at 0x7ffae68e0000 of 64 bytes failed: Only part of a ReadProcessMemory or WriteProcessMemory request was completed. (0x12B)
[1103/194201.100:WARNING:pe_image_reader.cc(340)] could not read dos header from C:\WINDOWS\SYSTEM32\USERENV.dll
[1103/194201.100:ERROR:process_memory_win.cc(73)] ReadMemory at 0x7ffad2d80000 of 64 bytes failed: Only part of a ReadProcessMemory or WriteProcessMemory request was completed. (0x12B)
[1103/194201.100:WARNING:pe_image_reader.cc(340)] could not read dos header from C:\WINDOWS\SYSTEM32\DWrite.dll
[1103/194201.100:ERROR:process_memory_win.cc(73)] ReadMemory at 0x7ffaa6c80000 of 64 bytes failed: Only part of a ReadProcessMemory or WriteProcessMemory request was completed. (0x12B)
[1103/194201.100:WARNING:pe_image_reader.cc(340)] could not read dos header from C:\WINDOWS\SYSTEM32\WINSPOOL.DRV
[1103/194201.100:ERROR:process_memory_win.cc(73)] ReadMemory at 0x7ffadcf20000 of 64 bytes failed: Only part of a ReadProcessMemory or WriteProcessMemory request was completed. (0x12B)
[1103/194201.100:WARNING:pe_image_reader.cc(340)] could not read dos header from C:\WINDOWS\SYSTEM32\WINHTTP.dll
[1103/194201.100:ERROR:process_memory_win.cc(73)] ReadMemory at 0x7ffadb3a0000 of 64 bytes failed: Only part of a ReadProcessMemory or WriteProcessMemory request was completed. (0x12B)
[1103/194201.100:WARNING:pe_image_reader.cc(340)] could not read dos header from C:\WINDOWS\SYSTEM32\dhcpcsvc.DLL
[1103/194201.100:ERROR:process_memory_win.cc(73)] ReadMemory at 0x7ffadf110000 of 64 bytes failed: Only part of a ReadProcessMemory or WriteProcessMemory request was completed. (0x12B)
[1103/194201.100:WARNING:pe_image_reader.cc(340)] could not read dos header from C:\WINDOWS\SYSTEM32\PROPSYS.dll
[1103/194201.100:ERROR:process_memory_win.cc(73)] ReadMemory at 0x7ffae6910000 of 64 bytes failed: Only part of a ReadProcessMemory or WriteProcessMemory request was completed. (0x12B)
[1103/194201.100:WARNING:pe_image_reader.cc(340)] could not read dos header from C:\WINDOWS\SYSTEM32\SSPICLI.DLL
[1103/194201.100:ERROR:process_memory_win.cc(73)] ReadMemory at 0x7ffae6620000 of 64 bytes failed: Only part of a ReadProcessMemory or WriteProcessMemory request was completed. (0x12B)
[1103/194201.101:WARNING:pe_image_reader.cc(340)] could not read dos header from C:\WINDOWS\System32\MSASN1.dll
[1103/194201.101:ERROR:process_memory_win.cc(73)] ReadMemory at 0x7ffae6c50000 of 64 bytes failed: Only part of a ReadProcessMemory or WriteProcessMemory request was completed. (0x12B)
[1103/194201.101:WARNING:pe_image_reader.cc(340)] could not read dos header from C:\WINDOWS\System32\bcryptPrimitives.dll
[1103/194201.101:ERROR:process_memory_win.cc(73)] ReadMemory at 0x7ffae6410000 of 64 bytes failed: Only part of a ReadProcessMemory or WriteProcessMemory request was completed. (0x12B)
[1103/194201.101:WARNING:pe_image_reader.cc(340)] could not read dos header from C:\WINDOWS\SYSTEM32\CRYPTBASE.DLL
[1103/194201.105:ERROR:process_memory_win.cc(73)] ReadMemory at 0x7ff7d5ac0000 of 64 bytes failed: Only part of a ReadProcessMemory or WriteProcessMemory request was completed. (0x12B)
[1103/194201.106:WARNING:pe_image_reader.cc(340)] could not read dos header from C:\Program Files (x86)\Google\Chrome\Application\chrome.exe
[1103/194201.106:ERROR:process_memory_win.cc(73)] ReadMemory at 0x7ffae92f0000 of 64 bytes failed: Only part of a ReadProcessMemory or WriteProcessMemory request was completed. (0x12B)
[1103/194201.106:WARNING:pe_image_reader.cc(340)] could not read dos header from C:\WINDOWS\SYSTEM32\ntdll.dll
[1103/194201.106:ERROR:process_memory_win.cc(73)] ReadMemory at 0x7ffae90b0000 of 64 bytes failed: Only part of a ReadProcessMemory or WriteProcessMemory request was completed. (0x12B)
[1103/194201.106:WARNING:pe_image_reader.cc(340)] could not read dos header from C:\WINDOWS\System32\KERNEL32.DLL
[1103/194201.106:ERROR:process_memory_win.cc(73)] ReadMemory at 0x7ffae6d70000 of 64 bytes failed: Only part of a ReadProcessMemory or WriteProcessMemory request was completed. (0x12B)
[1103/194201.106:WARNING:pe_image_reader.cc(340)] could not read dos header from C:\WINDOWS\System32\KERNELBASE.dll
[1103/194201.106:ERROR:process_memory_win.cc(73)] ReadMemory at 0x7ffac5070000 of 64 bytes failed: Only part of a ReadProcessMemory or WriteProcessMemory request was completed. (0x12B)
[1103/194201.106:WARNING:pe_image_reader.cc(340)] could not read dos header from C:\Program Files (x86)\Google\Chrome\Application\86.0.4240.111\chrome_elf.dll
[1103/194201.106:ERROR:process_memory_win.cc(73)] ReadMemory at 0x7ffada060000 of 64 bytes failed: Only part of a ReadProcessMemory or WriteProcessMemory request was completed. (0x12B)
[1103/194201.106:WARNING:pe_image_reader.cc(340)] could not read dos header from C:\WINDOWS\SYSTEM32\VERSION.dll
[1103/194201.106:ERROR:process_memory_win.cc(73)] ReadMemory at 0x7ffae7ec0000 of 64 bytes failed: Only part of a ReadProcessMemory or WriteProcessMemory request was completed. (0x12B)
[1103/194201.106:WARNING:pe_image_reader.cc(340)] could not read dos header from C:\WINDOWS\System32\msvcrt.dll
[1103/194201.106:ERROR:process_memory_win.cc(73)] ReadMemory at 0x7ffae8010000 of 64 bytes failed: Only part of a ReadProcessMemory or WriteProcessMemory request was completed. (0x12B)
[1103/194201.106:WARNING:pe_image_reader.cc(340)] could not read dos header from C:\WINDOWS\System32\ADVAPI32.dll
[1103/194201.106:ERROR:process_memory_win.cc(73)] ReadMemory at 0x7ffae8f70000 of 64 bytes failed: Only part of a ReadProcessMemory or WriteProcessMemory request was completed. (0x12B)
[1103/194201.106:WARNING:pe_image_reader.cc(340)] could not read dos header from C:\WINDOWS\System32\sechost.dll
[1103/194201.106:ERROR:process_memory_win.cc(73)] ReadMemory at 0x7ffae8130000 of 64 bytes failed: Only part of a ReadProcessMemory or WriteProcessMemory request was completed. (0x12B)
[1103/194201.106:WARNING:pe_image_reader.cc(340)] could not read dos header from C:\WINDOWS\System32\RPCRT4.dll
[1103/194201.106:ERROR:process_memory_win.cc(73)] ReadMemory at 0x7ffa5c6b0000 of 64 bytes failed: Only part of a ReadProcessMemory or WriteProcessMemory request was completed. (0x12B)
[1103/194201.106:WARNING:pe_image_reader.cc(340)] could not read dos header from C:\Program Files (x86)\Google\Chrome\Application\86.0.4240.111\chrome.dll
[1103/194201.106:ERROR:process_memory_win.cc(73)] ReadMemory at 0x7ffae9010000 of 64 bytes failed: Only part of a ReadProcessMemory or WriteProcessMemory request was completed. (0x12B)
[1103/194201.106:WARNING:pe_image_reader.cc(340)] could not read dos header from C:\WINDOWS\System32\WS2_32.dll
[1103/194201.106:ERROR:process_memory_win.cc(73)] ReadMemory at 0x7ffae8ae0000 of 64 bytes failed: Only part of a ReadProcessMemory or WriteProcessMemory request was completed. (0x12B)
[1103/194201.106:WARNING:pe_image_reader.cc(340)] could not read dos header from C:\WINDOWS\System32\OLEAUT32.dll
[1103/194201.106:ERROR:process_memory_win.cc(73)] ReadMemory at 0x7ffae6cd0000 of 64 bytes failed: Only part of a ReadProcessMemory or WriteProcessMemory request was completed. (0x12B)
[1103/194201.106:WARNING:pe_image_reader.cc(340)] could not read dos header from C:\WINDOWS\System32\msvcp_win.dll
[1103/194201.106:ERROR:process_memory_win.cc(73)] ReadMemory at 0x7ffae7250000 of 64 bytes failed: Only part of a ReadProcessMemory or WriteProcessMemory request was completed. (0x12B)
[1103/194201.106:WARNING:pe_image_reader.cc(340)] could not read dos header from C:\WINDOWS\System32\ucrtbase.dll
[1103/194201.106:ERROR:process_memory_win.cc(73)] ReadMemory at 0x7ffae8c10000 of 64 bytes failed: Only part of a ReadProcessMemory or WriteProcessMemory request was completed. (0x12B)
[1103/194201.106:WARNING:pe_image_reader.cc(340)] could not read dos header from C:\WINDOWS\System32\combase.dll
[1103/194201.107:ERROR:process_memory_win.cc(73)] ReadMemory at 0x7ffae6a30000 of 64 bytes failed: Only part of a ReadProcessMemory or WriteProcessMemory request was completed. (0x12B)
[1103/194201.107:WARNING:pe_image_reader.cc(340)] could not read dos header from C:\WINDOWS\System32\WINTRUST.dll
[1103/194201.107:ERROR:process_memory_win.cc(73)] ReadMemory at 0x7ffae70f0000 of 64 bytes failed: Only part of a ReadProcessMemory or WriteProcessMemory request was completed. (0x12B)
[1103/194201.107:WARNING:pe_image_reader.cc(340)] could not read dos header from C:\WINDOWS\System32\CRYPT32.dll
[1103/194201.107:ERROR:process_memory_win.cc(73)] ReadMemory at 0x7ffae1810000 of 64 bytes failed: Only part of a ReadProcessMemory or WriteProcessMemory request was completed. (0x12B)
[1103/194201.107:WARNING:pe_image_reader.cc(340)] could not read dos header from C:\WINDOWS\SYSTEM32\dbghelp.dll
[1103/194201.107:ERROR:process_memory_win.cc(73)] ReadMemory at 0x7ffae5ec0000 of 64 bytes failed: Only part of a ReadProcessMemory or WriteProcessMemory request was completed. (0x12B)
[1103/194201.107:WARNING:pe_image_reader.cc(340)] could not read dos header from C:\WINDOWS\SYSTEM32\IPHLPAPI.DLL
[1103/194201.107:ERROR:process_memory_win.cc(73)] ReadMemory at 0x7ffac5350000 of 64 bytes failed: Only part of a ReadProcessMemory or WriteProcessMemory request was completed. (0x12B)
[1103/194201.107:WARNING:pe_image_reader.cc(340)] could not read dos header from C:\WINDOWS\SYSTEM32\WINMM.dll
[1103/194201.107:ERROR:process_memory_win.cc(73)] ReadMemory at 0x7ffab12c0000 of 64 bytes failed: Only part of a ReadProcessMemory or WriteProcessMemory request was completed. (0x12B)
[1103/194201.107:WARNING:pe_image_reader.cc(340)] could not read dos header from C:\WINDOWS\SYSTEM32\UIAutomationCore.DLL
[1103/194201.107:ERROR:process_memory_win.cc(73)] ReadMemory at 0x7ffac7ed0000 of 64 bytes failed: Only part of a ReadProcessMemory or WriteProcessMemory request was completed. (0x12B)
[1103/194201.107:WARNING:pe_image_reader.cc(340)] could not read dos header from C:\WINDOWS\SYSTEM32\Secur32.dll
[1103/194201.107:ERROR:process_memory_win.cc(73)] ReadMemory at 0x7ffae68e0000 of 64 bytes failed: Only part of a ReadProcessMemory or WriteProcessMemory request was completed. (0x12B)
[1103/194201.107:WARNING:pe_image_reader.cc(340)] could not read dos header from C:\WINDOWS\SYSTEM32\USERENV.dll
[1103/194201.107:ERROR:process_memory_win.cc(73)] ReadMemory at 0x7ffad2d80000 of 64 bytes failed: Only part of a ReadProcessMemory or WriteProcessMemory request was completed. (0x12B)
[1103/194201.107:WARNING:pe_image_reader.cc(340)] could not read dos header from C:\WINDOWS\SYSTEM32\DWrite.dll
[1103/194201.107:ERROR:process_memory_win.cc(73)] ReadMemory at 0x7ffaa6c80000 of 64 bytes failed: Only part of a ReadProcessMemory or WriteProcessMemory request was completed. (0x12B)
[1103/194201.107:WARNING:pe_image_reader.cc(340)] could not read dos header from C:\WINDOWS\SYSTEM32\WINSPOOL.DRV
[1103/194201.107:ERROR:process_memory_win.cc(73)] ReadMemory at 0x7ffadcf20000 of 64 bytes failed: Only part of a ReadProcessMemory or WriteProcessMemory request was completed. (0x12B)
[1103/194201.107:WARNING:pe_image_reader.cc(340)] could not read dos header from C:\WINDOWS\SYSTEM32\WINHTTP.dll
[1103/194201.107:ERROR:process_memory_win.cc(73)] ReadMemory at 0x7ffadb3a0000 of 64 bytes failed: Only part of a ReadProcessMemory or WriteProcessMemory request was completed. (0x12B)
[1103/194201.107:WARNING:pe_image_reader.cc(340)] could not read dos header from C:\WINDOWS\SYSTEM32\dhcpcsvc.DLL
[1103/194201.107:ERROR:process_memory_win.cc(73)] ReadMemory at 0x7ffadf110000 of 64 bytes failed: Only part of a ReadProcessMemory or WriteProcessMemory request was completed. (0x12B)
[1103/194201.107:WARNING:pe_image_reader.cc(340)] could not read dos header from C:\WINDOWS\SYSTEM32\PROPSYS.dll
[1103/194201.107:ERROR:process_memory_win.cc(73)] ReadMemory at 0x7ffae6910000 of 64 bytes failed: Only part of a ReadProcessMemory or WriteProcessMemory request was completed. (0x12B)
[1103/194201.107:WARNING:pe_image_reader.cc(340)] could not read dos header from C:\WINDOWS\SYSTEM32\SSPICLI.DLL
[1103/194201.107:ERROR:process_memory_win.cc(73)] ReadMemory at 0x7ffae6620000 of 64 bytes failed: Only part of a ReadProcessMemory or WriteProcessMemory request was completed. (0x12B)
[1103/194201.107:WARNING:pe_image_reader.cc(340)] could not read dos header from C:\WINDOWS\System32\MSASN1.dll
[1103/194201.108:ERROR:process_memory_win.cc(73)] ReadMemory at 0x7ffae6c50000 of 64 bytes failed: Only part of a ReadProcessMemory or WriteProcessMemory request was completed. (0x12B)
[1103/194201.108:WARNING:pe_image_reader.cc(340)] could not read dos header from C:\WINDOWS\System32\bcryptPrimitives.dll
[1103/194201.108:ERROR:process_memory_win.cc(73)] ReadMemory at 0x7ffae6410000 of 64 bytes failed: Only part of a ReadProcessMemory or WriteProcessMemory request was completed. (0x12B)
[1103/194201.108:WARNING:pe_image_reader.cc(340)] could not read dos header from C:\WINDOWS\SYSTEM32\CRYPTBASE.DLL
[1103/194201.108:ERROR:process_memory_win.cc(73)] ReadMemory at 0x7ff7d5ac0000 of 64 bytes failed: Only part of a ReadProcessMemory or WriteProcessMemory request was completed. (0x12B)
[1103/194201.108:WARNING:pe_image_reader.cc(340)] could not read dos header from C:\Program Files (x86)\Google\Chrome\Application\chrome.exe
[1103/194201.108:ERROR:process_memory_win.cc(73)] ReadMemory at 0x7ffae92f0000 of 64 bytes failed: Only part of a ReadProcessMemory or WriteProcessMemory request was completed. (0x12B)
[1103/194201.108:WARNING:pe_image_reader.cc(340)] could not read dos header from C:\WINDOWS\SYSTEM32\ntdll.dll
[1103/194201.108:ERROR:process_memory_win.cc(73)] ReadMemory at 0x7ffae90b0000 of 64 bytes failed: Only part of a ReadProcessMemory or WriteProcessMemory request was completed. (0x12B)
[1103/194201.108:WARNING:pe_image_reader.cc(340)] could not read dos header from C:\WINDOWS\System32\KERNEL32.DLL
[1103/194201.108:ERROR:process_memory_win.cc(73)] ReadMemory at 0x7ffae6d70000 of 64 bytes failed: Only part of a ReadProcessMemory or WriteProcessMemory request was completed. (0x12B)
[1103/194201.108:WARNING:pe_image_reader.cc(340)] could not read dos header from C:\WINDOWS\System32\KERNELBASE.dll
[1103/194201.108:ERROR:process_memory_win.cc(73)] ReadMemory at 0x7ffac5070000 of 64 bytes failed: Only part of a ReadProcessMemory or WriteProcessMemory request was completed. (0x12B)
[1103/194201.108:WARNING:pe_image_reader.cc(340)] could not read dos header from C:\Program Files (x86)\Google\Chrome\Application\86.0.4240.111\chrome_elf.dll
[1103/194201.108:ERROR:process_memory_win.cc(73)] ReadMemory at 0x7ffada060000 of 64 bytes failed: Only part of a ReadProcessMemory or WriteProcessMemory request was completed. (0x12B)
[1103/194201.108:WARNING:pe_image_reader.cc(340)] could not read dos header from C:\WINDOWS\SYSTEM32\VERSION.dll
[1103/194201.108:ERROR:process_memory_win.cc(73)] ReadMemory at 0x7ffae7ec0000 of 64 bytes failed: Only part of a ReadProcessMemory or WriteProcessMemory request was completed. (0x12B)
[1103/194201.108:WARNING:pe_image_reader.cc(340)] could not read dos header from C:\WINDOWS\System32\msvcrt.dll
[1103/194201.108:ERROR:process_memory_win.cc(73)] ReadMemory at 0x7ffae8010000 of 64 bytes failed: Only part of a ReadProcessMemory or WriteProcessMemory request was completed. (0x12B)
[1103/194201.108:WARNING:pe_image_reader.cc(340)] could not read dos header from C:\WINDOWS\System32\ADVAPI32.dll
[1103/194201.108:ERROR:process_memory_win.cc(73)] ReadMemory at 0x7ffae8f70000 of 64 bytes failed: Only part of a ReadProcessMemory or WriteProcessMemory request was completed. (0x12B)
[1103/194201.108:WARNING:pe_image_reader.cc(340)] could not read dos header from C:\WINDOWS\System32\sechost.dll
[1103/194201.108:ERROR:process_memory_win.cc(73)] ReadMemory at 0x7ffae8130000 of 64 bytes failed: Only part of a ReadProcessMemory or WriteProcessMemory request was completed. (0x12B)
[1103/194201.108:WARNING:pe_image_reader.cc(340)] could not read dos header from C:\WINDOWS\System32\RPCRT4.dll
[1103/194201.108:ERROR:process_memory_win.cc(73)] ReadMemory at 0x7ffa5c6b0000 of 64 bytes failed: Only part of a ReadProcessMemory or WriteProcessMemory request was completed. (0x12B)
[1103/194201.108:WARNING:pe_image_reader.cc(340)] could not read dos header from C:\Program Files (x86)\Google\Chrome\Application\86.0.4240.111\chrome.dll
[1103/194201.108:ERROR:process_memory_win.cc(73)] ReadMemory at 0x7ffae9010000 of 64 bytes failed: Only part of a ReadProcessMemory or WriteProcessMemory request was completed. (0x12B)
[1103/194201.108:WARNING:pe_image_reader.cc(340)] could not read dos header from C:\WINDOWS\System32\WS2_32.dll
[1103/194201.108:ERROR:process_memory_win.cc(73)] ReadMemory at 0x7ffae8ae0000 of 64 bytes failed: Only part of a ReadProcessMemory or WriteProcessMemory request was completed. (0x12B)
[1103/194201.108:WARNING:pe_image_reader.cc(340)] could not read dos header from C:\WINDOWS\System32\OLEAUT32.dll
[1103/194201.108:ERROR:process_memory_win.cc(73)] ReadMemory at 0x7ffae6cd0000 of 64 bytes failed: Only part of a ReadProcessMemory or WriteProcessMemory request was completed. (0x12B)
[1103/194201.108:WARNING:pe_image_reader.cc(340)] could not read dos header from C:\WINDOWS\System32\msvcp_win.dll
[1103/194201.109:ERROR:process_memory_win.cc(73)] ReadMemory at 0x7ffae7250000 of 64 bytes failed: Only part of a ReadProcessMemory or WriteProcessMemory request was completed. (0x12B)
[1103/194201.109:WARNING:pe_image_reader.cc(340)] could not read dos header from C:\WINDOWS\System32\ucrtbase.dll
[1103/194201.109:ERROR:process_memory_win.cc(73)] ReadMemory at 0x7ffae8c10000 of 64 bytes failed: Only part of a ReadProcessMemory or WriteProcessMemory request was completed. (0x12B)
[1103/194201.109:WARNING:pe_image_reader.cc(340)] could not read dos header from C:\WINDOWS\System32\combase.dll
[1103/194201.109:ERROR:process_memory_win.cc(73)] ReadMemory at 0x7ffae6a30000 of 64 bytes failed: Only part of a ReadProcessMemory or WriteProcessMemory request was completed. (0x12B)
[1103/194201.109:WARNING:pe_image_reader.cc(340)] could not read dos header from C:\WINDOWS\System32\WINTRUST.dll
[1103/194201.109:ERROR:process_memory_win.cc(73)] ReadMemory at 0x7ffae70f0000 of 64 bytes failed: Only part of a ReadProcessMemory or WriteProcessMemory request was completed. (0x12B)
[1103/194201.109:WARNING:pe_image_reader.cc(340)] could not read dos header from C:\WINDOWS\System32\CRYPT32.dll
[1103/194201.109:ERROR:process_memory_win.cc(73)] ReadMemory at 0x7ffae1810000 of 64 bytes failed: Only part of a ReadProcessMemory or WriteProcessMemory request was completed. (0x12B)
[1103/194201.109:WARNING:pe_image_reader.cc(340)] could not read dos header from C:\WINDOWS\SYSTEM32\dbghelp.dll
[1103/194201.109:ERROR:process_memory_win.cc(73)] ReadMemory at 0x7ffae5ec0000 of 64 bytes failed: Only part of a ReadProcessMemory or WriteProcessMemory request was completed. (0x12B)
[1103/194201.109:WARNING:pe_image_reader.cc(340)] could not read dos header from C:\WINDOWS\SYSTEM32\IPHLPAPI.DLL
[1103/194201.109:ERROR:process_memory_win.cc(73)] ReadMemory at 0x7ffac5350000 of 64 bytes failed: Only part of a ReadProcessMemory or WriteProcessMemory request was completed. (0x12B)
[1103/194201.109:WARNING:pe_image_reader.cc(340)] could not read dos header from C:\WINDOWS\SYSTEM32\WINMM.dll
[1103/194201.109:ERROR:process_memory_win.cc(73)] ReadMemory at 0x7ffab12c0000 of 64 bytes failed: Only part of a ReadProcessMemory or WriteProcessMemory request was completed. (0x12B)
[1103/194201.109:WARNING:pe_image_reader.cc(340)] could not read dos header from C:\WINDOWS\SYSTEM32\UIAutomationCore.DLL
[1103/194201.109:ERROR:process_memory_win.cc(73)] ReadMemory at 0x7ffac7ed0000 of 64 bytes failed: Only part of a ReadProcessMemory or WriteProcessMemory request was completed. (0x12B)
[1103/194201.109:WARNING:pe_image_reader.cc(340)] could not read dos header from C:\WINDOWS\SYSTEM32\Secur32.dll
[1103/194201.109:ERROR:process_memory_win.cc(73)] ReadMemory at 0x7ffae68e0000 of 64 bytes failed: Only part of a ReadProcessMemory or WriteProcessMemory request was completed. (0x12B)
[1103/194201.109:WARNING:pe_image_reader.cc(340)] could not read dos header from C:\WINDOWS\SYSTEM32\USERENV.dll
[1103/194201.109:ERROR:process_memory_win.cc(73)] ReadMemory at 0x7ffad2d80000 of 64 bytes failed: Only part of a ReadProcessMemory or WriteProcessMemory request was completed. (0x12B)
[1103/194201.109:WARNING:pe_image_reader.cc(340)] could not read dos header from C:\WINDOWS\SYSTEM32\DWrite.dll
[1103/194201.109:ERROR:process_memory_win.cc(73)] ReadMemory at 0x7ffaa6c80000 of 64 bytes failed: Only part of a ReadProcessMemory or WriteProcessMemory request was completed. (0x12B)
[1103/194201.109:WARNING:pe_image_reader.cc(340)] could not read dos header from C:\WINDOWS\SYSTEM32\WINSPOOL.DRV
[1103/194201.109:ERROR:process_memory_win.cc(73)] ReadMemory at 0x7ffadcf20000 of 64 bytes failed: Only part of a ReadProcessMemory or WriteProcessMemory request was completed. (0x12B)
[1103/194201.109:WARNING:pe_image_reader.cc(340)] could not read dos header from C:\WINDOWS\SYSTEM32\WINHTTP.dll
[1103/194201.109:ERROR:process_memory_win.cc(73)] ReadMemory at 0x7ffadb3a0000 of 64 bytes failed: Only part of a ReadProcessMemory or WriteProcessMemory request was completed. (0x12B)
[1103/194201.109:WARNING:pe_image_reader.cc(340)] could not read dos header from C:\WINDOWS\SYSTEM32\dhcpcsvc.DLL
[1103/194201.109:ERROR:process_memory_win.cc(73)] ReadMemory at 0x7ffadf110000 of 64 bytes failed: Only part of a ReadProcessMemory or WriteProcessMemory request was completed. (0x12B)
[1103/194201.109:WARNING:pe_image_reader.cc(340)] could not read dos header from C:\WINDOWS\SYSTEM32\PROPSYS.dll
[1103/194201.109:ERROR:process_memory_win.cc(73)] ReadMemory at 0x7ffae6910000 of 64 bytes failed: Only part of a ReadProcessMemory or WriteProcessMemory request was completed. (0x12B)
[1103/194201.109:WARNING:pe_image_reader.cc(340)] could not read dos header from C:\WINDOWS\SYSTEM32\SSPICLI.DLL
[1103/194201.109:ERROR:process_memory_win.cc(73)] ReadMemory at 0x7ffae6620000 of 64 bytes failed: Only part of a ReadProcessMemory or WriteProcessMemory request was completed. (0x12B)
[1103/194201.110:WARNING:pe_image_reader.cc(340)] could not read dos header from C:\WINDOWS\System32\MSASN1.dll
[1103/194201.110:ERROR:process_memory_win.cc(73)] ReadMemory at 0x7ffae6c50000 of 64 bytes failed: Only part of a ReadProcessMemory or WriteProcessMemory request was completed. (0x12B)
[1103/194201.110:WARNING:pe_image_reader.cc(340)] could not read dos header from C:\WINDOWS\System32\bcryptPrimitives.dll
[1103/194201.110:ERROR:process_memory_win.cc(73)] ReadMemory at 0x7ffae6410000 of 64 bytes failed: Only part of a ReadProcessMemory or WriteProcessMemory request was completed. (0x12B)
[1103/194201.110:WARNING:pe_image_reader.cc(340)] could not read dos header from C:\WINDOWS\SYSTEM32\CRYPTBASE.DLL
[1103/194201.117:ERROR:process_memory_win.cc(73)] ReadMemory at 0x8f75ee000 of 73728 bytes failed: Only part of a ReadProcessMemory or WriteProcessMemory request was completed. (0x12B)
[1103/194201.117:ERROR:process_memory_win.cc(73)] ReadMemory at 0x8f7dfe000 of 8192 bytes failed: Only part of a ReadProcessMemory or WriteProcessMemory request was completed. (0x12B)
[1103/194201.118:ERROR:process_memory_win.cc(73)] ReadMemory at 0x8f85fd000 of 12288 bytes failed: Only part of a ReadProcessMemory or WriteProcessMemory request was completed. (0x12B)
[1103/194201.118:ERROR:process_memory_win.cc(73)] ReadMemory at 0x8f8dfe000 of 8192 bytes failed: Only part of a ReadProcessMemory or WriteProcessMemory request was completed. (0x12B)
[1103/194201.118:ERROR:process_memory_win.cc(73)] ReadMemory at 0x8f95fd000 of 12288 bytes failed: Only part of a ReadProcessMemory or WriteProcessMemory request was completed. (0x12B)
[1103/194201.118:ERROR:process_memory_win.cc(73)] ReadMemory at 0x8f9dfe000 of 8192 bytes failed: Only part of a ReadProcessMemory or WriteProcessMemory request was completed. (0x12B)
[1103/194201.118:ERROR:process_memory_win.cc(73)] ReadMemory at 0x8fa5fe000 of 8192 bytes failed: Only part of a ReadProcessMemory or WriteProcessMemory request was completed. (0x12B)
[1103/194201.118:ERROR:process_memory_win.cc(73)] ReadMemory at 0x8fadfd000 of 12288 bytes failed: Only part of a ReadProcessMemory or WriteProcessMemory request was completed. (0x12B)
[1103/194201.118:ERROR:process_memory_win.cc(73)] ReadMemory at 0x8fb5fd000 of 12288 bytes failed: Only part of a ReadProcessMemory or WriteProcessMemory request was completed. (0x12B)
[1103/194201.118:ERROR:process_memory_win.cc(73)] ReadMemory at 0x8fbdfe000 of 8192 bytes failed: Only part of a ReadProcessMemory or WriteProcessMemory request was completed. (0x12B)
[1103/194201.118:ERROR:process_memory_win.cc(73)] ReadMemory at 0x8fc5fe000 of 8192 bytes failed: Only part of a ReadProcessMemory or WriteProcessMemory request was completed. (0x12B)
[1103/194201.118:ERROR:process_memory_win.cc(73)] ReadMemory at 0x8fcdfe000 of 8192 bytes failed: Only part of a ReadProcessMemory or WriteProcessMemory request was completed. (0x12B)
[1103/194201.118:ERROR:process_memory_win.cc(73)] ReadMemory at 0x8fd5fe000 of 8192 bytes failed: Only part of a ReadProcessMemory or WriteProcessMemory request was completed. (0x12B)
[1103/194201.118:ERROR:process_memory_win.cc(73)] ReadMemory at 0x8fddfe000 of 8192 bytes failed: Only part of a ReadProcessMemory or WriteProcessMemory request was completed. (0x12B)
[1103/194201.120:ERROR:process_memory_win.cc(73)] ReadMemory at 0x8fe5fe000 of 8192 bytes failed: Only part of a ReadProcessMemory or WriteProcessMemory request was completed. (0x12B)
[1103/194201.120:ERROR:process_memory_win.cc(73)] ReadMemory at 0x8fedfe000 of 8192 bytes failed: Only part of a ReadProcessMemory or WriteProcessMemory request was completed. (0x12B)
[1103/194201.120:ERROR:process_memory_win.cc(73)] ReadMemory at 0x8ff5fc000 of 16384 bytes failed: Only part of a ReadProcessMemory or WriteProcessMemory request was completed. (0x12B)
[1103/194201.120:ERROR:process_memory_win.cc(73)] ReadMemory at 0x8ffdfd000 of 12288 bytes failed: Only part of a ReadProcessMemory or WriteProcessMemory request was completed. (0x12B)
[1103/194201.120:ERROR:process_memory_win.cc(73)] ReadMemory at 0x8807fd000 of 12288 bytes failed: Only part of a ReadProcessMemory or WriteProcessMemory request was completed. (0x12B)
[1103/194201.120:ERROR:process_memory_win.cc(73)] ReadMemory at 0x8817fd000 of 12288 bytes failed: Only part of a ReadProcessMemory or WriteProcessMemory request was completed. (0x12B)
[1103/194201.120:ERROR:process_memory_win.cc(73)] ReadMemory at 0x880ffc000 of 16384 bytes failed: Only part of a ReadProcessMemory or WriteProcessMemory request was completed. (0x12B)
[1103/194201.120:ERROR:process_memory_win.cc(73)] ReadMemory at 0x8f6c99000 of 852 bytes failed: Only part of a ReadProcessMemory or WriteProcessMemory request was completed. (0x12B)
[1103/194201.120:ERROR:process_memory_win.cc(73)] ReadMemory at 0x8f6c9a000 of 6024 bytes failed: Only part of a ReadProcessMemory or WriteProcessMemory request was completed. (0x12B)
[1103/194201.120:ERROR:process_memory_win.cc(73)] ReadMemory at 0x8f6c9c000 of 6024 bytes failed: Only part of a ReadProcessMemory or WriteProcessMemory request was completed. (0x12B)
[1103/194201.120:ERROR:process_memory_win.cc(73)] ReadMemory at 0x8f6c9e000 of 6024 bytes failed: Only part of a ReadProcessMemory or WriteProcessMemory request was completed. (0x12B)
[1103/194201.120:ERROR:process_memory_win.cc(73)] ReadMemory at 0x8f6ca0000 of 6024 bytes failed: Only part of a ReadProcessMemory or WriteProcessMemory request was completed. (0x12B)
[1103/194201.120:ERROR:process_memory_win.cc(73)] ReadMemory at 0x8f6ca2000 of 6024 bytes failed: Only part of a ReadProcessMemory or WriteProcessMemory request was completed. (0x12B)
[1103/194201.120:ERROR:process_memory_win.cc(73)] ReadMemory at 0x8f6ca4000 of 6024 bytes failed: Only part of a ReadProcessMemory or WriteProcessMemory request was completed. (0x12B)
[1103/194201.120:ERROR:process_memory_win.cc(73)] ReadMemory at 0x8f6ca6000 of 6024 bytes failed: Only part of a ReadProcessMemory or WriteProcessMemory request was completed. (0x12B)
[1103/194201.120:ERROR:process_memory_win.cc(73)] ReadMemory at 0x8f6ca8000 of 6024 bytes failed: Only part of a ReadProcessMemory or WriteProcessMemory request was completed. (0x12B)
[1103/194201.120:ERROR:process_memory_win.cc(73)] ReadMemory at 0x8f6caa000 of 6024 bytes failed: Only part of a ReadProcessMemory or WriteProcessMemory request was completed. (0x12B)
[1103/194201.120:ERROR:process_memory_win.cc(73)] ReadMemory at 0x8f6cac000 of 6024 bytes failed: Only part of a ReadProcessMemory or WriteProcessMemory request was completed. (0x12B)
[1103/194201.120:ERROR:process_memory_win.cc(73)] ReadMemory at 0x8f6cae000 of 6024 bytes failed: Only part of a ReadProcessMemory or WriteProcessMemory request was completed. (0x12B)
[1103/194201.120:ERROR:process_memory_win.cc(73)] ReadMemory at 0x8f6cb0000 of 6024 bytes failed: Only part of a ReadProcessMemory or WriteProcessMemory request was completed. (0x12B)
[1103/194201.120:ERROR:process_memory_win.cc(73)] ReadMemory at 0x8f6cb2000 of 6024 bytes failed: Only part of a ReadProcessMemory or WriteProcessMemory request was completed. (0x12B)
[1103/194201.120:ERROR:process_memory_win.cc(73)] ReadMemory at 0x8f6cb4000 of 6024 bytes failed: Only part of a ReadProcessMemory or WriteProcessMemory request was completed. (0x12B)
[1103/194201.120:ERROR:process_memory_win.cc(73)] ReadMemory at 0x8f6cb6000 of 6024 bytes failed: Only part of a ReadProcessMemory or WriteProcessMemory request was completed. (0x12B)
[1103/194201.120:ERROR:process_memory_win.cc(73)] ReadMemory at 0x8f6cb8000 of 6024 bytes failed: Only part of a ReadProcessMemory or WriteProcessMemory request was completed. (0x12B)
[1103/194201.120:ERROR:process_memory_win.cc(73)] ReadMemory at 0x8f6cba000 of 6024 bytes failed: Only part of a ReadProcessMemory or WriteProcessMemory request was completed. (0x12B)
[1103/194201.120:ERROR:process_memory_win.cc(73)] ReadMemory at 0x8f6cbc000 of 6024 bytes failed: Only part of a ReadProcessMemory or WriteProcessMemory request was completed. (0x12B)
[1103/194201.120:ERROR:process_memory_win.cc(73)] ReadMemory at 0x8f6cbe000 of 6024 bytes failed: Only part of a ReadProcessMemory or WriteProcessMemory request was completed. (0x12B)
[1103/194201.120:ERROR:process_memory_win.cc(73)] ReadMemory at 0x8f6cc0000 of 6024 bytes failed: Only part of a ReadProcessMemory or WriteProcessMemory request was completed. (0x12B)
[1103/194201.121:ERROR:process_memory_win.cc(73)] ReadMemory at 0x8f6cc2000 of 6024 bytes failed: Only part of a ReadProcessMemory or WriteProcessMemory request was completed. (0x12B)
[1103/194201.121:ERROR:process_memory_win.cc(73)] ReadMemory at 0x16096080dc0 of 512 bytes failed: Only part of a ReadProcessMemory or WriteProcessMemory request was completed. (0x12B)
[1103/194201.121:ERROR:process_memory_win.cc(73)] ReadMemory at 0x16096081e40 of 512 bytes failed: Only part of a ReadProcessMemory or WriteProcessMemory request was completed. (0x12B)
[1103/194201.121:ERROR:process_memory_win.cc(73)] ReadMemory at 0x16096087780 of 512 bytes failed: Only part of a ReadProcessMemory or WriteProcessMemory request was completed. (0x12B)
[1103/194201.121:ERROR:process_memory_win.cc(73)] ReadMemory at 0x160960e0fe0 of 6594 bytes failed: Only part of a ReadProcessMemory or WriteProcessMemory request was completed. (0x12B)
[1103/194201.121:ERROR:process_memory_win.cc(73)] ReadMemory at 0x160960e29b0 of 1012 bytes failed: Only part of a ReadProcessMemory or WriteProcessMemory request was completed. (0x12B)
[1103/194201.121:ERROR:process_memory_win.cc(73)] ReadMemory at 0x160960e2ff8 of 118 bytes failed: Only part of a ReadProcessMemory or WriteProcessMemory request was completed. (0x12B)
[1103/194201.121:ERROR:process_memory_win.cc(73)] ReadMemory at 0x160960e3070 of 750 bytes failed: Only part of a ReadProcessMemory or WriteProcessMemory request was completed. (0x12B)
[1103/194201.121:ERROR:process_memory_win.cc(73)] ReadMemory at 0x160960e3360 of 118 bytes failed: Only part of a ReadProcessMemory or WriteProcessMemory request was completed. (0x12B)
[1103/194201.121:ERROR:process_memory_win.cc(73)] ReadMemory at 0x160960e33d8 of 96 bytes failed: Only part of a ReadProcessMemory or WriteProcessMemory request was completed. (0x12B)
[1103/194201.121:ERROR:process_memory_win.cc(73)] ReadMemory at 0x160960e3450 of 58 bytes failed: Only part of a ReadProcessMemory or WriteProcessMemory request was completed. (0x12B)
[1103/194201.121:ERROR:process_memory_win.cc(73)] ReadMemory at 0x160960e3550 of 132 bytes failed: Only part of a ReadProcessMemory or WriteProcessMemory request was completed. (0x12B)
[1103/194201.121:ERROR:process_memory_win.cc(73)] ReadMemory at 0x160960e36e0 of 132 bytes failed: Only part of a ReadProcessMemory or WriteProcessMemory request was completed. (0x12B)
[1103/194201.121:ERROR:process_memory_win.cc(73)] ReadMemory at 0x160960e38a0 of 126 bytes failed: Only part of a ReadProcessMemory or WriteProcessMemory request was completed. (0x12B)
[1103/194201.121:ERROR:process_memory_win.cc(73)] ReadMemory at 0x160960e3da0 of 132 bytes failed: Only part of a ReadProcessMemory or WriteProcessMemory request was completed. (0x12B)
[1103/194201.122:ERROR:process_memory_win.cc(73)] ReadMemory at 0x160960e3f30 of 64 bytes failed: Only part of a ReadProcessMemory or WriteProcessMemory request was completed. (0x12B)
[1103/194201.122:ERROR:process_memory_win.cc(73)] ReadMemory at 0x160960e40f0 of 132 bytes failed: Only part of a ReadProcessMemory or WriteProcessMemory request was completed. (0x12B)
[1103/194201.122:ERROR:process_memory_win.cc(73)] ReadMemory at 0x160960e43b0 of 132 bytes failed: Only part of a ReadProcessMemory or WriteProcessMemory request was completed. (0x12B)
[1103/194201.122:ERROR:process_memory_win.cc(73)] ReadMemory at 0x160960e4540 of 68 bytes failed: Only part of a ReadProcessMemory or WriteProcessMemory request was completed. (0x12B)
[1103/194201.122:ERROR:process_memory_win.cc(73)] ReadMemory at 0x160960e5600 of 132 bytes failed: Only part of a ReadProcessMemory or WriteProcessMemory request was completed. (0x12B)
[1103/194201.122:ERROR:process_memory_win.cc(73)] ReadMemory at 0x160960e5730 of 154 bytes failed: Only part of a ReadProcessMemory or WriteProcessMemory request was completed. (0x12B)
[1103/194201.122:ERROR:process_memory_win.cc(73)] ReadMemory at 0x160960e64e0 of 62 bytes failed: Only part of a ReadProcessMemory or WriteProcessMemory request was completed. (0x12B)
[1103/194201.122:ERROR:process_memory_win.cc(73)] ReadMemory at 0x160960e66d0 of 132 bytes failed: Only part of a ReadProcessMemory or WriteProcessMemory request was completed. (0x12B)
[1103/194201.122:ERROR:process_memory_win.cc(73)] ReadMemory at 0x160960e6800 of 60 bytes failed: Only part of a ReadProcessMemory or WriteProcessMemory request was completed. (0x12B)
[1103/194201.122:ERROR:process_memory_win.cc(73)] ReadMemory at 0x160960eba50 of 60 bytes failed: Only part of a ReadProcessMemory or WriteProcessMemory request was completed. (0x12B)
[1103/194201.122:ERROR:process_memory_win.cc(73)] ReadMemory at 0x160960f2970 of 80 bytes failed: Only part of a ReadProcessMemory or WriteProcessMemory request was completed. (0x12B)
[1103/194201.122:ERROR:process_memory_win.cc(73)] ReadMemory at 0x160960f4c50 of 132 bytes failed: Only part of a ReadProcessMemory or WriteProcessMemory request was completed. (0x12B)
[1103/194201.122:ERROR:process_memory_win.cc(73)] ReadMemory at 0x160960f53e0 of 132 bytes failed: Only part of a ReadProcessMemory or WriteProcessMemory request was completed. (0x12B)
[1103/194201.122:ERROR:process_memory_win.cc(73)] ReadMemory at 0x160960f5510 of 132 bytes failed: Only part of a ReadProcessMemory or WriteProcessMemory request was completed. (0x12B)
[1103/194201.122:ERROR:process_memory_win.cc(73)] ReadMemory at 0x160960f5640 of 132 bytes failed: Only part of a ReadProcessMemory or WriteProcessMemory request was completed. (0x12B)
[1103/194201.122:ERROR:process_memory_win.cc(73)] ReadMemory at 0x160960f5770 of 132 bytes failed: Only part of a ReadProcessMemory or WriteProcessMemory request was completed. (0x12B)
[1103/194201.122:ERROR:process_memory_win.cc(73)] ReadMemory at 0x160960f58a0 of 132 bytes failed: Only part of a ReadProcessMemory or WriteProcessMemory request was completed. (0x12B)
[1103/194201.123:ERROR:process_memory_win.cc(73)] ReadMemory at 0x160960f59d0 of 132 bytes failed: Only part of a ReadProcessMemory or WriteProcessMemory request was completed. (0x12B)
[1103/194201.123:ERROR:process_memory_win.cc(73)] ReadMemory at 0x160960f5b00 of 132 bytes failed: Only part of a ReadProcessMemory or WriteProcessMemory request was completed. (0x12B)
[1103/194201.123:ERROR:process_memory_win.cc(73)] ReadMemory at 0x160960f5c30 of 132 bytes failed: Only part of a ReadProcessMemory or WriteProcessMemory request was completed. (0x12B)
[1103/194201.123:ERROR:process_memory_win.cc(73)] ReadMemory at 0x160960f5d60 of 132 bytes failed: Only part of a ReadProcessMemory or WriteProcessMemory request was completed. (0x12B)
[1103/194201.123:ERROR:process_memory_win.cc(73)] ReadMemory at 0x160960f5e90 of 132 bytes failed: Only part of a ReadProcessMemory or WriteProcessMemory request was completed. (0x12B)
[1103/194201.123:ERROR:process_memory_win.cc(73)] ReadMemory at 0x160960f5fc0 of 132 bytes failed: Only part of a ReadProcessMemory or WriteProcessMemory request was completed. (0x12B)
[1103/194201.123:ERROR:process_memory_win.cc(73)] ReadMemory at 0x160960f60f0 of 132 bytes failed: Only part of a ReadProcessMemory or WriteProcessMemory request was completed. (0x12B)
[1103/194201.123:ERROR:process_memory_win.cc(73)] ReadMemory at 0x160960f6220 of 132 bytes failed: Only part of a ReadProcessMemory or WriteProcessMemory request was completed. (0x12B)
[1103/194201.123:ERROR:process_memory_win.cc(73)] ReadMemory at 0x160960f9710 of 132 bytes failed: Only part of a ReadProcessMemory or WriteProcessMemory request was completed. (0x12B)
[1103/194201.123:ERROR:process_memory_win.cc(73)] ReadMemory at 0x160960f9db0 of 146 bytes failed: Only part of a ReadProcessMemory or WriteProcessMemory request was completed. (0x12B)
[1103/194201.123:ERROR:process_memory_win.cc(73)] ReadMemory at 0x160960f9ed0 of 132 bytes failed: Only part of a ReadProcessMemory or WriteProcessMemory request was completed. (0x12B)
[1103/194201.123:ERROR:process_memory_win.cc(73)] ReadMemory at 0x160960fb1b0 of 132 bytes failed: Only part of a ReadProcessMemory or WriteProcessMemory request was completed. (0x12B)
[1103/194201.123:ERROR:process_memory_win.cc(73)] ReadMemory at 0x160960fcbc0 of 132 bytes failed: Only part of a ReadProcessMemory or WriteProcessMemory request was completed. (0x12B)
[1103/194201.123:ERROR:process_memory_win.cc(73)] ReadMemory at 0x160960fcdd0 of 132 bytes failed: Only part of a ReadProcessMemory or WriteProcessMemory request was completed. (0x12B)
[1103/194201.123:ERROR:process_memory_win.cc(73)] ReadMemory at 0x160960fe060 of 64 bytes failed: Only part of a ReadProcessMemory or WriteProcessMemory request was completed. (0x12B)
[1103/194201.123:ERROR:process_memory_win.cc(73)] ReadMemory at 0x160960fe100 of 58 bytes failed: Only part of a ReadProcessMemory or WriteProcessMemory request was completed. (0x12B)
[1103/194201.124:ERROR:process_memory_win.cc(73)] ReadMemory at 0x160960fe150 of 62 bytes failed: Only part of a ReadProcessMemory or WriteProcessMemory request was completed. (0x12B)
[1103/194201.124:ERROR:process_memory_win.cc(73)] ReadMemory at 0x160960fe380 of 64 bytes failed: Only part of a ReadProcessMemory or WriteProcessMemory request was completed. (0x12B)
[1103/194201.124:ERROR:process_memory_win.cc(73)] ReadMemory at 0x160960fe420 of 64 bytes failed: Only part of a ReadProcessMemory or WriteProcessMemory request was completed. (0x12B)
[1103/194201.124:ERROR:process_memory_win.cc(73)] ReadMemory at 0x160960fe470 of 62 bytes failed: Only part of a ReadProcessMemory or WriteProcessMemory request was completed. (0x12B)
[1103/194201.124:ERROR:process_memory_win.cc(73)] ReadMemory at 0x160960fe4c0 of 60 bytes failed: Only part of a ReadProcessMemory or WriteProcessMemory request was completed. (0x12B)
[1103/194201.124:ERROR:process_memory_win.cc(73)] ReadMemory at 0x160960fe5b0 of 62 bytes failed: Only part of a ReadProcessMemory or WriteProcessMemory request was completed. (0x12B)
[1103/194201.124:ERROR:process_memory_win.cc(73)] ReadMemory at 0x160960fe650 of 64 bytes failed: Only part of a ReadProcessMemory or WriteProcessMemory request was completed. (0x12B)
[1103/194201.124:ERROR:process_memory_win.cc(73)] ReadMemory at 0x160960fe6a0 of 64 bytes failed: Only part of a ReadProcessMemory or WriteProcessMemory request was completed. (0x12B)
[1103/194201.124:ERROR:process_memory_win.cc(73)] ReadMemory at 0x160960fe6f0 of 62 bytes failed: Only part of a ReadProcessMemory or WriteProcessMemory request was completed. (0x12B)
[1103/194201.124:ERROR:process_memory_win.cc(73)] ReadMemory at 0x160960fe8d0 of 64 bytes failed: Only part of a ReadProcessMemory or WriteProcessMemory request was completed. (0x12B)
[1103/194201.124:ERROR:process_memory_win.cc(73)] ReadMemory at 0x160960fea10 of 60 bytes failed: Only part of a ReadProcessMemory or WriteProcessMemory request was completed. (0x12B)
[1103/194201.124:ERROR:process_memory_win.cc(73)] ReadMemory at 0x160960fea60 of 64 bytes failed: Only part of a ReadProcessMemory or WriteProcessMemory request was completed. (0x12B)
[1103/194201.124:ERROR:process_memory_win.cc(73)] ReadMemory at 0x160960feab0 of 62 bytes failed: Only part of a ReadProcessMemory or WriteProcessMemory request was completed. (0x12B)
[1103/194201.124:ERROR:process_memory_win.cc(73)] ReadMemory at 0x160960feb00 of 60 bytes failed: Only part of a ReadProcessMemory or WriteProcessMemory request was completed. (0x12B)
[1103/194201.124:ERROR:process_memory_win.cc(73)] ReadMemory at 0x160960feb50 of 62 bytes failed: Only part of a ReadProcessMemory or WriteProcessMemory request was completed. (0x12B)
[1103/194201.124:ERROR:process_memory_win.cc(73)] ReadMemory at 0x160960febf0 of 62 bytes failed: Only part of a ReadProcessMemory or WriteProcessMemory request was completed. (0x12B)
[1103/194201.124:ERROR:process_memory_win.cc(73)] ReadMemory at 0x160960fed30 of 62 bytes failed: Only part of a ReadProcessMemory or WriteProcessMemory request was completed. (0x12B)
[1103/194201.125:ERROR:process_memory_win.cc(73)] ReadMemory at 0x160960fee20 of 66 bytes failed: Only part of a ReadProcessMemory or WriteProcessMemory request was completed. (0x12B)
[1103/194201.125:ERROR:process_memory_win.cc(73)] ReadMemory at 0x160960feec0 of 62 bytes failed: Only part of a ReadProcessMemory or WriteProcessMemory request was completed. (0x12B)
[1103/194201.125:ERROR:process_memory_win.cc(73)] ReadMemory at 0x16096101360 of 132 bytes failed: Only part of a ReadProcessMemory or WriteProcessMemory request was completed. (0x12B)
[1103/194201.125:ERROR:process_memory_win.cc(73)] ReadMemory at 0x16096101580 of 132 bytes failed: Only part of a ReadProcessMemory or WriteProcessMemory request was completed. (0x12B)
[1103/194201.125:ERROR:process_memory_win.cc(73)] ReadMemory at 0x160961018d0 of 132 bytes failed: Only part of a ReadProcessMemory or WriteProcessMemory request was completed. (0x12B)
[1103/194201.125:ERROR:process_memory_win.cc(73)] ReadMemory at 0x16096103960 of 132 bytes failed: Only part of a ReadProcessMemory or WriteProcessMemory request was completed. (0x12B)
[1103/194201.125:ERROR:process_memory_win.cc(73)] ReadMemory at 0x160961042e0 of 132 bytes failed: Only part of a ReadProcessMemory or WriteProcessMemory request was completed. (0x12B)
[1103/194201.125:ERROR:process_memory_win.cc(73)] ReadMemory at 0x16096104c60 of 132 bytes failed: Only part of a ReadProcessMemory or WriteProcessMemory request was completed. (0x12B)
[1103/194201.125:ERROR:process_memory_win.cc(73)] ReadMemory at 0x160961159a0 of 80 bytes failed: Only part of a ReadProcessMemory or WriteProcessMemory request was completed. (0x12B)
[1103/194201.125:ERROR:process_memory_win.cc(73)] ReadMemory at 0x1609614bcb0 of 640 bytes failed: Only part of a ReadProcessMemory or WriteProcessMemory request was completed. (0x12B)
[1103/194201.125:ERROR:process_memory_win.cc(73)] ReadMemory at 0x16096164190 of 512 bytes failed: Only part of a ReadProcessMemory or WriteProcessMemory request was completed. (0x12B)
[1103/194201.125:ERROR:process_memory_win.cc(73)] ReadMemory at 0x16096167020 of 512 bytes failed: Only part of a ReadProcessMemory or WriteProcessMemory request was completed. (0x12B)
[1103/194201.125:ERROR:process_memory_win.cc(73)] ReadMemory at 0x1609617af80 of 512 bytes failed: Only part of a ReadProcessMemory or WriteProcessMemory request was completed. (0x12B)
[1103/194201.125:ERROR:process_memory_win.cc(73)] ReadMemory at 0x160961861e0 of 712 bytes failed: Only part of a ReadProcessMemory or WriteProcessMemory request was completed. (0x12B)
[1103/194201.125:ERROR:process_memory_win.cc(73)] ReadMemory at 0x1609618f2a8 of 512 bytes failed: Only part of a ReadProcessMemory or WriteProcessMemory request was completed. (0x12B)
[1103/194201.125:ERROR:process_memory_win.cc(73)] ReadMemory at 0x160961a1100 of 512 bytes failed: Only part of a ReadProcessMemory or WriteProcessMemory request was completed. (0x12B)
[1103/194201.126:ERROR:process_memory_win.cc(73)] ReadMemory at 0x160961a8b60 of 512 bytes failed: Only part of a ReadProcessMemory or WriteProcessMemory request was completed. (0x12B)
[1103/194201.126:ERROR:process_memory_win.cc(73)] ReadMemory at 0x160961c6330 of 512 bytes failed: Only part of a ReadProcessMemory or WriteProcessMemory request was completed. (0x12B)
[1103/194201.126:ERROR:process_memory_win.cc(73)] ReadMemory at 0x16097b52ff0 of 512 bytes failed: Only part of a ReadProcessMemory or WriteProcessMemory request was completed. (0x12B)
[1103/194201.126:ERROR:process_memory_win.cc(73)] ReadMemory at 0x16097bb1fc0 of 512 bytes failed: Only part of a ReadProcessMemory or WriteProcessMemory request was completed. (0x12B)
[1103/194201.126:ERROR:process_memory_win.cc(73)] ReadMemory at 0x16097bb35c0 of 512 bytes failed: Only part of a ReadProcessMemory or WriteProcessMemory request was completed. (0x12B)
[1103/194201.126:ERROR:process_memory_win.cc(73)] ReadMemory at 0x16097cffde0 of 512 bytes failed: Only part of a ReadProcessMemory or WriteProcessMemory request was completed. (0x12B)
[1103/194201.126:ERROR:process_memory_win.cc(73)] ReadMemory at 0x16097d1ae90 of 512 bytes failed: Only part of a ReadProcessMemory or WriteProcessMemory request was completed. (0x12B)
[1103/194201.126:ERROR:process_memory_win.cc(73)] ReadMemory at 0x16097dbe5a0 of 512 bytes failed: Only part of a ReadProcessMemory or WriteProcessMemory request was completed. (0x12B)
[1103/194201.126:ERROR:process_memory_win.cc(73)] ReadMemory at 0x1609881b0b0 of 512 bytes failed: Only part of a ReadProcessMemory or WriteProcessMemory request was completed. (0x12B)
[1103/194201.126:ERROR:process_memory_win.cc(73)] ReadMemory at 0x1609881b9b0 of 512 bytes failed: Only part of a ReadProcessMemory or WriteProcessMemory request was completed. (0x12B)
[1103/194201.126:ERROR:process_memory_win.cc(73)] ReadMemory at 0x1609882b320 of 512 bytes failed: Only part of a ReadProcessMemory or WriteProcessMemory request was completed. (0x12B)
[1103/194201.126:ERROR:process_memory_win.cc(73)] ReadMemory at 0x16098ac0450 of 528 bytes failed: Only part of a ReadProcessMemory or WriteProcessMemory request was completed. (0x12B)
[1103/194201.126:ERROR:process_memory_win.cc(73)] ReadMemory at 0x16098ba79e0 of 512 bytes failed: Only part of a ReadProcessMemory or WriteProcessMemory request was completed. (0x12B)
[1103/194201.126:ERROR:process_memory_win.cc(73)] ReadMemory at 0x4eab09cdb09c of 512 bytes failed: Only part of a ReadProcessMemory or WriteProcessMemory request was completed. (0x12B)
[1103/194201.127:ERROR:process_memory_win.cc(73)] ReadMemory at 0x4eab0a406f34 of 512 bytes failed: Only part of a ReadProcessMemory or WriteProcessMemory request was completed. (0x12B)
[1103/194201.127:ERROR:process_memory_win.cc(73)] ReadMemory at 0x4eab0a6e1f78 of 512 bytes failed: Only part of a ReadProcessMemory or WriteProcessMemory request was completed. (0x12B)
[1103/194201.127:ERROR:process_memory_win.cc(73)] ReadMemory at 0x7ffa5e3936bb of 512 bytes failed: Only part of a ReadProcessMemory or WriteProcessMemory request was completed. (0x12B)
[1103/194201.127:ERROR:process_memory_win.cc(73)] ReadMemory at 0x7ffa5e9cc370 of 512 bytes failed: Only part of a ReadProcessMemory or WriteProcessMemory request was completed. (0x12B)
[1103/194201.127:ERROR:process_memory_win.cc(73)] ReadMemory at 0x7ffa5ed9019c of 512 bytes failed: Only part of a ReadProcessMemory or WriteProcessMemory request was completed. (0x12B)
[1103/194201.127:ERROR:process_memory_win.cc(73)] ReadMemory at 0x7ffae6d93dc9 of 512 bytes failed: Only part of a ReadProcessMemory or WriteProcessMemory request was completed. (0x12B)
[1103/194201.127:ERROR:process_memory_win.cc(73)] ReadMemory at 0x7ffae90d4a50 of 512 bytes failed: Only part of a ReadProcessMemory or WriteProcessMemory request was completed. (0x12B)
[1103/194201.127:ERROR:process_memory_win.cc(73)] ReadMemory at 0x7ffae938bda4 of 672 bytes failed: Only part of a ReadProcessMemory or WriteProcessMemory request was completed. (0x12B)
[1103/194201.127:ERROR:process_memory_win.cc(73)] ReadMemory at 0x7ffae938c3a4 of 512 bytes failed: Only part of a ReadProcessMemory or WriteProcessMemory request was completed. (0x12B)
[1103/194201.127:ERROR:process_memory_win.cc(73)] ReadMemory at 0x7ffae938f714 of 608 bytes failed: Only part of a ReadProcessMemory or WriteProcessMemory request was completed. (0x12B)
[1103/194201.127:ERROR:process_memory_win.cc(73)] ReadMemory at 0x7ffae94209e0 of 18 bytes failed: Only part of a ReadProcessMemory or WriteProcessMemory request was completed. (0x12B)
[1103/194201.127:ERROR:process_memory_win.cc(73)] ReadMemory at 0x7ffae94554f8 of 40 bytes failed: Only part of a ReadProcessMemory or WriteProcessMemory request was completed. (0x12B)
[1103/194201.127:ERROR:process_memory_win.cc(73)] ReadMemory at 0x7ffae9455978 of 48 bytes failed: Only part of a ReadProcessMemory or WriteProcessMemory request was completed. (0x12B)
[1103/194201.127:ERROR:process_memory_win.cc(73)] ReadMemory at 0x7ffae945b4c0 of 64 bytes failed: Only part of a ReadProcessMemory or WriteProcessMemory request was completed. (0x12B)
[1103/194201.129:ERROR:scoped_process_suspend.cc(40)] NtResumeProcess: An attempt was made to access an exiting process. (0xc000010a)
[1104/192622.043:ERROR:directory_reader_win.cc(43)] FindFirstFile: The system cannot find the path specified. (0x3)
[1105/081010.518:ERROR:directory_reader_win.cc(43)] FindFirstFile: The system cannot find the path specified. (0x3)
[1106/193502.680:ERROR:directory_reader_win.cc(43)] FindFirstFile: The system cannot find the path specified. (0x3)
[1106/205407.163:ERROR:directory_reader_win.cc(43)] FindFirstFile: The system cannot find the path specified. (0x3)
[1107/182648.454:ERROR:directory_reader_win.cc(43)] FindFirstFile: The system cannot find the path specified. (0x3)
[1107/203102.273:ERROR:directory_reader_win.cc(43)] FindFirstFile: The system cannot find the path specified. (0x3)
[1109/142122.372:ERROR:directory_reader_win.cc(43)] FindFirstFile: The system cannot find the path specified. (0x3)
[1109/214108.292:ERROR:directory_reader_win.cc(43)] FindFirstFile: The system cannot find the path specified. (0x3)
